<?xml version="1.0" encoding="UTF-8"?>
<!-- Generated by org.testng.reporters.JUnitReportReporter -->
<testsuite skipped="0" hostname="LAPTOP-7AQASJV1" name="Framework.SeleniumFramework.Homepage" tests="1" failures="0" timestamp="2020-07-14T17:56:17 IST" time="8.886" errors="0">
  <testcase name="BasePageNavigation" time="8.886" classname="Framework.SeleniumFramework.Homepage"/>
  <system-out/>
</testsuite> <!-- Framework.SeleniumFramework.Homepage -->
